<?xml version="1.0" encoding="UTF-8"?>
<!-- Generated by org.testng.reporters.JUnitXMLReporter -->
<testsuite ignored="0" hostname="ASUS" failures="0" tests="3" name="avinash-week14-tutorialsninja-sw-5" time="15.232" errors="0" timestamp="2023-12-12T17:53:23 GMT">
  <testcase classname="com.tutorialsninja.demo.testsuite.TopMenuTest" name="verifyUserShouldNavigateToComponentsPageSuccessfully" time="0.725"/>
  <testcase classname="com.tutorialsninja.demo.testsuite.TopMenuTest" name="verifyUserShouldNavigateToDesktopsPageSuccessfully" time="0.932"/>
  <testcase classname="com.tutorialsninja.demo.testsuite.TopMenuTest" name="verifyUserShouldNavigateToLaptopsAndNotebooksPageSuccessfully" time="0.964"/>
</testsuite> <!-- avinash-week14-tutorialsninja-sw-5 -->
