<?xml version="1.0" encoding="UTF-8"?>
<testng-results ignored="0" total="3" passed="3" failed="0" skipped="0">
  <reporter-output>
  </reporter-output>
  <suite started-at="2023-12-12T17:53:07 GMT" name="Default Suite" finished-at="2023-12-12T17:53:23 GMT" duration-ms="15232">
    <groups>
      <group name="regression">
        <method signature="TopMenuTest.verifyUserShouldNavigateToComponentsPageSuccessfully()[pri:0, instance:com.tutorialsninja.demo.testsuite.TopMenuTest@31368b99]" name="verifyUserShouldNavigateToComponentsPageSuccessfully" class="com.tutorialsninja.demo.testsuite.TopMenuTest"/>
        <method signature="TopMenuTest.verifyUserShouldNavigateToDesktopsPageSuccessfully()[pri:0, instance:com.tutorialsninja.demo.testsuite.TopMenuTest@31368b99]" name="verifyUserShouldNavigateToDesktopsPageSuccessfully" class="com.tutorialsninja.demo.testsuite.TopMenuTest"/>
        <method signature="TopMenuTest.verifyUserShouldNavigateToLaptopsAndNotebooksPageSuccessfully()[pri:0, instance:com.tutorialsninja.demo.testsuite.TopMenuTest@31368b99]" name="verifyUserShouldNavigateToLaptopsAndNotebooksPageSuccessfully" class="com.tutorialsninja.demo.testsuite.TopMenuTest"/>
      </group> <!-- regression -->
      <group name="smoke">
        <method signature="TopMenuTest.verifyUserShouldNavigateToDesktopsPageSuccessfully()[pri:0, instance:com.tutorialsninja.demo.testsuite.TopMenuTest@31368b99]" name="verifyUserShouldNavigateToDesktopsPageSuccessfully" class="com.tutorialsninja.demo.testsuite.TopMenuTest"/>
        <method signature="TopMenuTest.verifyUserShouldNavigateToLaptopsAndNotebooksPageSuccessfully()[pri:0, instance:com.tutorialsninja.demo.testsuite.TopMenuTest@31368b99]" name="verifyUserShouldNavigateToLaptopsAndNotebooksPageSuccessfully" class="com.tutorialsninja.demo.testsuite.TopMenuTest"/>
      </group> <!-- smoke -->
      <group name="sanity">
        <method signature="TopMenuTest.verifyUserShouldNavigateToDesktopsPageSuccessfully()[pri:0, instance:com.tutorialsninja.demo.testsuite.TopMenuTest@31368b99]" name="verifyUserShouldNavigateToDesktopsPageSuccessfully" class="com.tutorialsninja.demo.testsuite.TopMenuTest"/>
      </group> <!-- sanity -->
    </groups>
    <test started-at="2023-12-12T17:53:07 GMT" name="avinash-week14-tutorialsninja-sw-5" finished-at="2023-12-12T17:53:23 GMT" duration-ms="15232">
      <class name="com.tutorialsninja.demo.testsuite.TopMenuTest">
        <test-method is-config="true" signature="setUp()[pri:0, instance:com.tutorialsninja.demo.testsuite.TopMenuTest@31368b99]" started-at="2023-12-12T17:53:08 GMT" name="setUp" finished-at="2023-12-12T17:53:12 GMT" duration-ms="4348" status="PASS">
          <reporter-output>
          </reporter-output>
        </test-method> <!-- setUp -->
        <test-method is-config="true" signature="inIt()[pri:0, instance:com.tutorialsninja.demo.testsuite.TopMenuTest@31368b99]" started-at="2023-12-12T17:53:12 GMT" name="inIt" finished-at="2023-12-12T17:53:12 GMT" duration-ms="13" status="PASS">
          <reporter-output>
          </reporter-output>
        </test-method> <!-- inIt -->
        <test-method signature="verifyUserShouldNavigateToComponentsPageSuccessfully()[pri:0, instance:com.tutorialsninja.demo.testsuite.TopMenuTest@31368b99]" started-at="2023-12-12T17:53:12 GMT" name="verifyUserShouldNavigateToComponentsPageSuccessfully" finished-at="2023-12-12T17:53:13 GMT" duration-ms="725" status="PASS">
          <reporter-output>
          </reporter-output>
        </test-method> <!-- verifyUserShouldNavigateToComponentsPageSuccessfully -->
        <test-method is-config="true" signature="tearDown()[pri:0, instance:com.tutorialsninja.demo.testsuite.TopMenuTest@31368b99]" started-at="2023-12-12T17:53:13 GMT" name="tearDown" finished-at="2023-12-12T17:53:13 GMT" duration-ms="136" status="PASS">
          <reporter-output>
          </reporter-output>
        </test-method> <!-- tearDown -->
        <test-method is-config="true" signature="setUp()[pri:0, instance:com.tutorialsninja.demo.testsuite.TopMenuTest@31368b99]" started-at="2023-12-12T17:53:13 GMT" name="setUp" finished-at="2023-12-12T17:53:16 GMT" duration-ms="3695" status="PASS">
          <reporter-output>
          </reporter-output>
        </test-method> <!-- setUp -->
        <test-method is-config="true" signature="inIt()[pri:0, instance:com.tutorialsninja.demo.testsuite.TopMenuTest@31368b99]" started-at="2023-12-12T17:53:17 GMT" name="inIt" finished-at="2023-12-12T17:53:17 GMT" duration-ms="11" status="PASS">
          <reporter-output>
          </reporter-output>
        </test-method> <!-- inIt -->
        <test-method signature="verifyUserShouldNavigateToDesktopsPageSuccessfully()[pri:0, instance:com.tutorialsninja.demo.testsuite.TopMenuTest@31368b99]" started-at="2023-12-12T17:53:17 GMT" name="verifyUserShouldNavigateToDesktopsPageSuccessfully" finished-at="2023-12-12T17:53:17 GMT" duration-ms="932" status="PASS">
          <reporter-output>
          </reporter-output>
        </test-method> <!-- verifyUserShouldNavigateToDesktopsPageSuccessfully -->
        <test-method is-config="true" signature="tearDown()[pri:0, instance:com.tutorialsninja.demo.testsuite.TopMenuTest@31368b99]" started-at="2023-12-12T17:53:17 GMT" name="tearDown" finished-at="2023-12-12T17:53:18 GMT" duration-ms="138" status="PASS">
          <reporter-output>
          </reporter-output>
        </test-method> <!-- tearDown -->
        <test-method is-config="true" signature="setUp()[pri:0, instance:com.tutorialsninja.demo.testsuite.TopMenuTest@31368b99]" started-at="2023-12-12T17:53:18 GMT" name="setUp" finished-at="2023-12-12T17:53:21 GMT" duration-ms="3802" status="PASS">
          <reporter-output>
          </reporter-output>
        </test-method> <!-- setUp -->
        <test-method is-config="true" signature="inIt()[pri:0, instance:com.tutorialsninja.demo.testsuite.TopMenuTest@31368b99]" started-at="2023-12-12T17:53:21 GMT" name="inIt" finished-at="2023-12-12T17:53:21 GMT" duration-ms="5" status="PASS">
          <reporter-output>
          </reporter-output>
        </test-method> <!-- inIt -->
        <test-method signature="verifyUserShouldNavigateToLaptopsAndNotebooksPageSuccessfully()[pri:0, instance:com.tutorialsninja.demo.testsuite.TopMenuTest@31368b99]" started-at="2023-12-12T17:53:21 GMT" name="verifyUserShouldNavigateToLaptopsAndNotebooksPageSuccessfully" finished-at="2023-12-12T17:53:22 GMT" duration-ms="964" status="PASS">
          <reporter-output>
          </reporter-output>
        </test-method> <!-- verifyUserShouldNavigateToLaptopsAndNotebooksPageSuccessfully -->
        <test-method is-config="true" signature="tearDown()[pri:0, instance:com.tutorialsninja.demo.testsuite.TopMenuTest@31368b99]" started-at="2023-12-12T17:53:22 GMT" name="tearDown" finished-at="2023-12-12T17:53:23 GMT" duration-ms="163" status="PASS">
          <reporter-output>
          </reporter-output>
        </test-method> <!-- tearDown -->
      </class> <!-- com.tutorialsninja.demo.testsuite.TopMenuTest -->
    </test> <!-- avinash-week14-tutorialsninja-sw-5 -->
  </suite> <!-- Default Suite -->
</testng-results>
